Starting Job 1015263, Index 0
Running scripts in parallel...
########################################################################
DEBUG MODE: False
Config file content:
{'save': False, 'dt': 0.1, 'samples': 7, 'alpha': 0.261799, 'cuda': False, 'monitoring': False, 'sbatch': 32, 'tbatch': 32, 'lr': 0.001, 'bias': False, 'nodes': 3, 'no_loops': True, 'sob': [1.0, 1.0, 1.0], 'layer': 'GAT', 'size': 128, 'e_size': 16, 'train_break': -1, 'test_break': -1, 'epochs': 200, 'sim_type': 'dat_fig', 'max_sim_time': 172800, 'wandb': False}
fig
v1a
torch.Size([62, 7, 3, 4])
torch.Size([62, 7, 3, 4])
torch.Size([62])
torch.Size([62, 7, 1, 1])
tensor(6.200000)
tensor(0.101639)
v7d
torch.Size([575, 7, 3, 4])
torch.Size([575, 7, 3, 4])
torch.Size([575])
torch.Size([575, 7, 1, 1])
tensor(57.400002)
tensor(0.100000)
v11a
torch.Size([536, 7, 3, 4])
torch.Size([536, 7, 3, 4])
torch.Size([536])
torch.Size([536, 7, 1, 1])
tensor(53.500000)
tensor(0.100000)
v15a
torch.Size([707, 7, 3, 4])
torch.Size([707, 7, 3, 4])
torch.Size([707])
torch.Size([707, 7, 1, 1])
tensor(70.599998)
tensor(0.100000)
v17d
torch.Size([812, 7, 3, 4])
torch.Size([812, 7, 3, 4])
torch.Size([812])
torch.Size([812, 7, 1, 1])
tensor(81.199997)
tensor(0.100123)
v17f
torch.Size([827, 7, 3, 4])
torch.Size([827, 7, 3, 4])
torch.Size([827])
torch.Size([827, 7, 1, 1])
tensor(82.599998)
tensor(0.100000)
[1;34mwandb[0m: 🚀 View run [33mstilted-vortex-11[0m at: [34mhttps://wandb.ai/caiofreitas/fig_threebody/runs/v8oy7ity[0m
[1;34mwandb[0m: Find logs at: [1;35mwandb/run-20241007_014919-v8oy7ity/logs[0m
########################################################################
...done.
